<?xml version="1.0" encoding="UTF-8"?>
<!-- Generated by org.testng.reporters.JUnitXMLReporter -->
<testsuite ignored="1" hostname="Nabila-Mubeen-Dell" failures="0" tests="1" name="Default test" time="40.553" errors="0" timestamp="2024-10-28T19:12:59 PKT">
  <testcase classname="sauceDemo.SauceDemo" name="ValidLoginRunTest" time="36.262"/>
  <testcase classname="sauceDemo.SauceDemo" name="InvalidLoginRunTest" time="0.0">
    <ignored/>
  </testcase> <!-- InvalidLoginRunTest -->
</testsuite> <!-- Default test -->
