<?xml version="1.0" encoding="UTF-8"?>
<testng-results ignored="1" total="2" passed="1" failed="0" skipped="0">
  <reporter-output>
  </reporter-output>
  <suite started-at="2024-10-28T19:12:18 PKT" name="Default suite" finished-at="2024-10-28T19:12:58 PKT" duration-ms="40553">
    <groups>
    </groups>
    <test started-at="2024-10-28T19:12:18 PKT" name="Default test" finished-at="2024-10-28T19:12:58 PKT" duration-ms="40553">
      <class name="sauceDemo.SauceDemo">
        <test-method is-config="true" signature="setBrowserConfig()[pri:0, instance:sauceDemo.SauceDemo@71a8adcf]" started-at="2024-10-28T19:12:18 PKT" name="setBrowserConfig" finished-at="2024-10-28T19:12:22 PKT" duration-ms="3939" status="PASS">
          <reporter-output>
          </reporter-output>
        </test-method> <!-- setBrowserConfig -->
        <test-method signature="ValidLoginRunTest()[pri:0, instance:sauceDemo.SauceDemo@71a8adcf]" started-at="2024-10-28T19:12:22 PKT" name="ValidLoginRunTest" finished-at="2024-10-28T19:12:58 PKT" duration-ms="36262" status="PASS">
          <reporter-output>
          </reporter-output>
        </test-method> <!-- ValidLoginRunTest -->
        <test-method is-config="true" signature="TearDown()[pri:0, instance:sauceDemo.SauceDemo@71a8adcf]" started-at="2024-10-28T19:12:58 PKT" name="TearDown" finished-at="2024-10-28T19:12:58 PKT" duration-ms="317" status="PASS">
          <reporter-output>
          </reporter-output>
        </test-method> <!-- TearDown -->
      </class> <!-- sauceDemo.SauceDemo -->
    </test> <!-- Default test -->
  </suite> <!-- Default suite -->
</testng-results>
